<?xml version="1.0" encoding="UTF-8"?>
<robot generator="Robot 4.1.2 (Python 3.10.0 on win32)" generated="20211101 21:54:33.021" rpa="false" schemaversion="2">
<suite id="s1" name="TestCase Exemplo 02" source="c:\Users\t01484\Desktop\t01484\CURSOS\Prime Experts - Turma 4\Prime-Experts-Turma-4\MY SANDBOX\TestCase_Exemplo_02.robot">
<test id="s1-t1" name="Valid Login">
<kw name="Open Login Page" library="Resource_Exemplo_02">
<kw name="Open Browser" library="SeleniumLibrary">
<arg>${LOGIN URL}</arg>
<arg>${BROWSER}</arg>
<doc>Opens a new browser instance to the optional ``url``.</doc>
<msg timestamp="20211101 21:54:33.700" level="INFO">Opening browser 'Chrome' to base url 'http://localhost:7272/'.</msg>
<kw name="Capture Page Screenshot" library="SeleniumLibrary">
<doc>Takes a screenshot of the current page and embeds it into a log file.</doc>
<msg timestamp="20211101 21:54:46.322" level="FAIL">WebDriverException: Message: chrome not reachable
  (Session info: chrome=95.0.4638.69)
Stacktrace:
Backtrace:
	Ordinal0 [0x00E906F3+2492147]
	Ordinal0 [0x00E29BD1+2071505]
	Ordinal0 [0x00D32340+1057600]
	Ordinal0 [0x00D27474+1012852]
	Ordinal0 [0x00D27C76+1014902]
	Ordinal0 [0x00D29345+1020741]
	Ordinal0 [0x00D23453+996435]
	Ordinal0 [0x00D33690+1062544]
	Ordinal0 [0x00D846D2+1394386]
	Ordinal0 [0x00D7568B+1332875]
	Ordinal0 [0x00D521D4+1188308]
	Ordinal0 [0x00D5302F+1191983]
	GetHandleVerifier [0x010167A6+1545030]
	GetHandleVerifier [0x010C105C+2243580]
	GetHandleVerifier [0x00F1BC97+518199]
	GetHandleVerifier [0x00F1AD80+514336]
	Ordinal0 [0x00E2ED2D+2092333]
	Ordinal0 [0x00E32EE8+2109160]
	Ordinal0 [0x00E33022+2109474]
	Ordinal0 [0x00E3CB71+2149233]
	BaseThreadInitThunk [0x75D0FA29+25]
	RtlGetAppContainerNamedObjectPath [0x77E97A9E+286]
	RtlGetAppContainerNamedObjectPath [0x77E97A6E+238]
</msg>
<status status="FAIL" starttime="20211101 21:54:42.225" endtime="20211101 21:54:46.322"/>
</kw>
<msg timestamp="20211101 21:54:46.323" level="WARN">Keyword 'Capture Page Screenshot' could not be run on failure: WebDriverException: Message: chrome not reachable
  (Session info: chrome=95.0.4638.69)
Stacktrace:
Backtrace:
	Ordinal0 [0x00E906F3+2492147]
	Ordinal0 [0x00E29BD1+2071505]
	Ordinal0 [0x00D32340+1057600]
	Ordinal0 [0x00D27474+1012852]
	Ordinal0 [0x00D27C76+1014902]
	Ordinal0 [0x00D29345+1020741]
	Ordinal0 [0x00D23453+996435]
	Ordinal0 [0x00D33690+1062544]
	Ordinal0 [0x00D846D2+1394386]
	Ordinal0 [0x00D7568B+1332875]
	Ordinal0 [0x00D521D4+1188308]
	Ordinal0 [0x00D5302F+1191983]
	GetHandleVerifier [0x010167A6+1545030]
	GetHandleVerifier [0x010C105C+2243580]
	GetHandleVerifier [0x00F1BC97+518199]
	GetHandleVerifier [0x00F1AD80+514336]
	Ordinal0 [0x00E2ED2D+2092333]
	Ordinal0 [0x00E32EE8+2109160]
	Ordinal0 [0x00E33022+2109474]
	Ordinal0 [0x00E3CB71+2149233]
	BaseThreadInitThunk [0x75D0FA29+25]
	RtlGetAppContainerNamedObjectPath [0x77E97A9E+286]
	RtlGetAppContainerNamedObjectPath [0x77E97A6E+238]
</msg>
<msg timestamp="20211101 21:54:46.327" level="FAIL">WebDriverException: Message: unknown error: cannot determine loading status
from disconnected: received Inspector.detached event
  (Session info: chrome=95.0.4638.69)
Stacktrace:
Backtrace:
	Ordinal0 [0x00E906F3+2492147]
	Ordinal0 [0x00E29BD1+2071505]
	Ordinal0 [0x00D32478+1057912]
	Ordinal0 [0x00D258A4+1005732]
	Ordinal0 [0x00D254E6+1004774]
	Ordinal0 [0x00D24BB8+1002424]
	Ordinal0 [0x00D23D4D+998733]
	Ordinal0 [0x00D24117+999703]
	Ordinal0 [0x00D2ED91+1043857]
	Ordinal0 [0x00D252B2+1004210]
	Ordinal0 [0x00D25EB2+1007282]
	Ordinal0 [0x00D254FA+1004794]
	Ordinal0 [0x00D24BB8+1002424]
	Ordinal0 [0x00D23D4D+998733]
	Ordinal0 [0x00D24006+999430]
	Ordinal0 [0x00D33A4A+1063498]
	Ordinal0 [0x00D854BD+1397949]
	Ordinal0 [0x00D757C3+1333187]
	Ordinal0 [0x00D84F38+1396536]
	Ordinal0 [0x00D7568B+1332875]
	Ordinal0 [0x00D521D4+1188308]
	Ordinal0 [0x00D5302F+1191983]
	GetHandleVerifier [0x010167A6+1545030]
	GetHandleVerifier [0x010C105C+2243580]
	GetHandleVerifier [0x00F1BC97+518199]
	GetHandleVerifier [0x00F1AD80+514336]
	Ordinal0 [0x00E2ED2D+2092333]
	Ordinal0 [0x00E32EE8+2109160]
	Ordinal0 [0x00E33022+2109474]
	Ordinal0 [0x00E3CB71+2149233]
	BaseThreadInitThunk [0x75D0FA29+25]
	RtlGetAppContainerNamedObjectPath [0x77E97A9E+286]
	RtlGetAppContainerNamedObjectPath [0x77E97A6E+238]
</msg>
<status status="FAIL" starttime="20211101 21:54:33.699" endtime="20211101 21:54:46.328"/>
</kw>
<kw name="Login Page Should Be Open" library="Resource_Exemplo_02">
<status status="NOT RUN" starttime="20211101 21:54:46.329" endtime="20211101 21:54:46.330"/>
</kw>
<status status="FAIL" starttime="20211101 21:54:33.697" endtime="20211101 21:54:46.333"/>
</kw>
<kw name="Input Credentials" library="Resource_Exemplo_02">
<arg>demo</arg>
<arg>mode</arg>
<status status="NOT RUN" starttime="20211101 21:54:46.334" endtime="20211101 21:54:46.335"/>
</kw>
<kw name="Submit Credentials" library="Resource_Exemplo_02">
<status status="NOT RUN" starttime="20211101 21:54:46.335" endtime="20211101 21:54:46.335"/>
</kw>
<kw name="Welcome Page Should Be Open" library="Resource_Exemplo_02">
<status status="NOT RUN" starttime="20211101 21:54:46.336" endtime="20211101 21:54:46.336"/>
</kw>
<kw name="Close Browser" library="SeleniumLibrary" type="TEARDOWN">
<doc>Closes the current browser.</doc>
<status status="PASS" starttime="20211101 21:54:46.337" endtime="20211101 21:54:48.399"/>
</kw>
<status status="FAIL" starttime="20211101 21:54:33.694" endtime="20211101 21:54:48.400">WebDriverException: Message: unknown error: cannot determine loading status
from disconnected: received Inspector.detached event
  (Session info: chrome=95.0.4638.69)
Stacktrace:
Backtrace:
	Ordinal0 [0x00E906F3+2492147]
	Ordinal0 [0x00E29BD1+2071505]
	Ordinal0 [0x00D32478+1057912]
	Ordinal0 [0x00D258A4+1005732]
	Ordinal0 [0x00D254E6+1004774]
	Ordinal0 [0x00D24BB8+1002424]
	Ordinal0 [0x00D23D4D+998733]
	Ordinal0 [0x00D24117+999703]
	Ordinal0 [0x00D2ED91+1043857]
	Ordinal0 [0x00D252B2+1004210]
	Ordinal0 [0x00D25EB2+1007282]
	Ordinal0 [0x00D254FA+1004794]
	Ordinal0 [0x00D24BB8+1002424]
	Ordinal0 [0x00D23D4D+998733]
	Ordinal0 [0x00D24006+999430]
	Ordinal0 [0x00D33A4A+1063498]
	Ordinal0 [0x00D854BD+1397949]
	Ordinal0 [0x00D757C3+1333187]
	Ordinal0 [0x00D84F38+1396536]
	Ordinal0 [0x00D7568B+1332875]
	Ordinal0 [0x00D521D4+1188308]
	Ordinal0 [0x00D5302F+1191983]
	GetHandleVerifier [0x010167A6+1545030]
	GetHandleVerifier [0x010C105C+2243580]
	GetHandleVerifier [0x00F1BC97+518199]
	GetHandleVerifier [0x00F1AD80+514336]
	Ordinal0 [0x00E2ED2D+2092333]
	Ordinal0 [0x00E32EE8+2109160]
	Ordinal0 [0x00E33022+2109474]
	Ordinal0 [0x00E3CB71+2149233]
	BaseThreadInitThunk [0x75D0FA29+25]
	RtlGetAppContainerNamedObjectPath [0x77E97A9E+286]
	RtlGetAppContainerNamedObjectPath [0x77E97A6E+238]
</status>
</test>
<doc>A test suite for valid login.

Keywords are imported from the resource file</doc>
<status status="FAIL" starttime="20211101 21:54:33.029" endtime="20211101 21:54:48.403"/>
</suite>
<statistics>
<total>
<stat pass="0" fail="1" skip="0">All Tests</stat>
</total>
<tag>
</tag>
<suite>
<stat pass="0" fail="1" skip="0" id="s1" name="TestCase Exemplo 02">TestCase Exemplo 02</stat>
</suite>
</statistics>
<errors>
<msg timestamp="20211101 21:54:46.323" level="WARN">Keyword 'Capture Page Screenshot' could not be run on failure: WebDriverException: Message: chrome not reachable
  (Session info: chrome=95.0.4638.69)
Stacktrace:
Backtrace:
	Ordinal0 [0x00E906F3+2492147]
	Ordinal0 [0x00E29BD1+2071505]
	Ordinal0 [0x00D32340+1057600]
	Ordinal0 [0x00D27474+1012852]
	Ordinal0 [0x00D27C76+1014902]
	Ordinal0 [0x00D29345+1020741]
	Ordinal0 [0x00D23453+996435]
	Ordinal0 [0x00D33690+1062544]
	Ordinal0 [0x00D846D2+1394386]
	Ordinal0 [0x00D7568B+1332875]
	Ordinal0 [0x00D521D4+1188308]
	Ordinal0 [0x00D5302F+1191983]
	GetHandleVerifier [0x010167A6+1545030]
	GetHandleVerifier [0x010C105C+2243580]
	GetHandleVerifier [0x00F1BC97+518199]
	GetHandleVerifier [0x00F1AD80+514336]
	Ordinal0 [0x00E2ED2D+2092333]
	Ordinal0 [0x00E32EE8+2109160]
	Ordinal0 [0x00E33022+2109474]
	Ordinal0 [0x00E3CB71+2149233]
	BaseThreadInitThunk [0x75D0FA29+25]
	RtlGetAppContainerNamedObjectPath [0x77E97A9E+286]
	RtlGetAppContainerNamedObjectPath [0x77E97A6E+238]
</msg>
</errors>
</robot>
